[2023-06-08 21:00:39Z INFO HostContext] No proxy settings were found based on environmental variables (http_proxy/https_proxy/HTTP_PROXY/HTTPS_PROXY)
[2023-06-08 21:00:39Z INFO HostContext] Well known directory 'Bin': '/Users/david/GitHub/dgmjr-actions/actions-runner/bin'
[2023-06-08 21:00:39Z INFO HostContext] Well known directory 'Root': '/Users/david/GitHub/dgmjr-actions/actions-runner'
[2023-06-08 21:00:39Z INFO HostContext] Well known config file 'Credentials': '/Users/david/GitHub/dgmjr-actions/actions-runner/.credentials'
[2023-06-08 21:00:39Z INFO HostContext] Well known directory 'Bin': '/Users/david/GitHub/dgmjr-actions/actions-runner/bin'
[2023-06-08 21:00:39Z INFO HostContext] Well known directory 'Root': '/Users/david/GitHub/dgmjr-actions/actions-runner'
[2023-06-08 21:00:39Z INFO HostContext] Well known config file 'Runner': '/Users/david/GitHub/dgmjr-actions/actions-runner/.runner'
[2023-06-08 21:00:39Z INFO Listener] Runner is built for OSX (X64) - osx-x64.
[2023-06-08 21:00:39Z INFO Listener] RuntimeInformation: Darwin 22.4.0 Darwin Kernel Version 22.4.0: Mon Mar  6 21:01:02 PST 2023; root:xnu-8796.101.5~3/RELEASE_ARM64_T8112.
[2023-06-08 21:00:39Z INFO Listener] Version: 2.304.0
[2023-06-08 21:00:39Z INFO Listener] Commit: 9ef4121b5b31ee5c03b7770288213d741081f747
[2023-06-08 21:00:39Z INFO Listener] Culture: en-US
[2023-06-08 21:00:39Z INFO Listener] UI Culture: en-US
[2023-06-08 21:00:39Z INFO HostContext] Well known directory 'Bin': '/Users/david/GitHub/dgmjr-actions/actions-runner/bin'
[2023-06-08 21:00:39Z INFO HostContext] Well known directory 'Root': '/Users/david/GitHub/dgmjr-actions/actions-runner'
[2023-06-08 21:00:39Z INFO Listener] Validating directory permissions for: '/Users/david/GitHub/dgmjr-actions/actions-runner'
[2023-06-08 21:00:39Z INFO CommandLineParser] Parse
[2023-06-08 21:00:39Z INFO CommandLineParser] Parsing 5 args
[2023-06-08 21:00:39Z INFO CommandLineParser] parsing argument
[2023-06-08 21:00:39Z INFO CommandLineParser] HasArgs: False
[2023-06-08 21:00:39Z INFO CommandLineParser] Adding Command: configure
[2023-06-08 21:00:39Z INFO CommandLineParser] parsing argument
[2023-06-08 21:00:39Z INFO CommandLineParser] HasArgs: True
[2023-06-08 21:00:39Z INFO CommandLineParser] arg: url
[2023-06-08 21:00:39Z INFO CommandLineParser] parsing argument
[2023-06-08 21:00:39Z INFO CommandLineParser] HasArgs: True
[2023-06-08 21:00:39Z INFO CommandLineParser] Adding option 'url': 'https://github.com/dgmjr-actions/download-a-file-using-dotnet-file'
[2023-06-08 21:00:39Z INFO CommandLineParser] parsing argument
[2023-06-08 21:00:39Z INFO CommandLineParser] HasArgs: True
[2023-06-08 21:00:39Z INFO CommandLineParser] arg: token
[2023-06-08 21:00:39Z INFO CommandLineParser] parsing argument
[2023-06-08 21:00:39Z INFO CommandLineParser] HasArgs: True
[2023-06-08 21:00:39Z INFO CommandLineParser] Adding option 'token': '***'
[2023-06-08 21:00:39Z INFO Listener] Arguments parsed
[2023-06-08 21:00:39Z INFO Runner] ExecuteCommand
[2023-06-08 21:00:39Z INFO ConfigurationStore] currentAssemblyLocation: /Users/david/GitHub/dgmjr-actions/actions-runner/bin/Runner.Listener.dll
[2023-06-08 21:00:39Z INFO HostContext] Well known directory 'Bin': '/Users/david/GitHub/dgmjr-actions/actions-runner/bin'
[2023-06-08 21:00:39Z INFO ConfigurationStore] binPath: /Users/david/GitHub/dgmjr-actions/actions-runner/bin
[2023-06-08 21:00:39Z INFO HostContext] Well known directory 'Bin': '/Users/david/GitHub/dgmjr-actions/actions-runner/bin'
[2023-06-08 21:00:39Z INFO HostContext] Well known directory 'Root': '/Users/david/GitHub/dgmjr-actions/actions-runner'
[2023-06-08 21:00:39Z INFO ConfigurationStore] RootFolder: /Users/david/GitHub/dgmjr-actions/actions-runner
[2023-06-08 21:00:39Z INFO HostContext] Well known directory 'Bin': '/Users/david/GitHub/dgmjr-actions/actions-runner/bin'
[2023-06-08 21:00:39Z INFO HostContext] Well known directory 'Root': '/Users/david/GitHub/dgmjr-actions/actions-runner'
[2023-06-08 21:00:39Z INFO HostContext] Well known config file 'Runner': '/Users/david/GitHub/dgmjr-actions/actions-runner/.runner'
[2023-06-08 21:00:39Z INFO ConfigurationStore] ConfigFilePath: /Users/david/GitHub/dgmjr-actions/actions-runner/.runner
[2023-06-08 21:00:39Z INFO HostContext] Well known directory 'Bin': '/Users/david/GitHub/dgmjr-actions/actions-runner/bin'
[2023-06-08 21:00:39Z INFO HostContext] Well known directory 'Root': '/Users/david/GitHub/dgmjr-actions/actions-runner'
[2023-06-08 21:00:39Z INFO HostContext] Well known config file 'Credentials': '/Users/david/GitHub/dgmjr-actions/actions-runner/.credentials'
[2023-06-08 21:00:39Z INFO ConfigurationStore] CredFilePath: /Users/david/GitHub/dgmjr-actions/actions-runner/.credentials
[2023-06-08 21:00:39Z INFO HostContext] Well known directory 'Bin': '/Users/david/GitHub/dgmjr-actions/actions-runner/bin'
[2023-06-08 21:00:39Z INFO HostContext] Well known directory 'Root': '/Users/david/GitHub/dgmjr-actions/actions-runner'
[2023-06-08 21:00:39Z INFO HostContext] Well known config file 'MigratedCredentials': '/Users/david/GitHub/dgmjr-actions/actions-runner/.credentials_migrated'
[2023-06-08 21:00:39Z INFO ConfigurationStore] MigratedCredFilePath: /Users/david/GitHub/dgmjr-actions/actions-runner/.credentials_migrated
[2023-06-08 21:00:39Z INFO HostContext] Well known directory 'Bin': '/Users/david/GitHub/dgmjr-actions/actions-runner/bin'
[2023-06-08 21:00:39Z INFO HostContext] Well known directory 'Root': '/Users/david/GitHub/dgmjr-actions/actions-runner'
[2023-06-08 21:00:39Z INFO HostContext] Well known config file 'Service': '/Users/david/GitHub/dgmjr-actions/actions-runner/.service'
[2023-06-08 21:00:39Z INFO ConfigurationStore] ServiceConfigFilePath: /Users/david/GitHub/dgmjr-actions/actions-runner/.service
[2023-06-08 21:00:39Z INFO CommandSettings] Flag 'help': 'False'
[2023-06-08 21:00:39Z INFO CommandSettings] Flag 'version': 'False'
[2023-06-08 21:00:39Z INFO CommandSettings] Flag 'commit': 'False'
[2023-06-08 21:00:39Z INFO CommandSettings] Flag 'check': 'False'
[2023-06-08 21:00:39Z INFO CommandSettings] Command 'configure': 'True'
[2023-06-08 21:00:39Z INFO Terminal] WRITE LINE: 
[2023-06-08 21:00:39Z INFO Terminal] WRITE LINE: --------------------------------------------------------------------------------
[2023-06-08 21:00:39Z INFO Terminal] WRITE LINE: |        ____ _ _   _   _       _          _        _   _                      |
[2023-06-08 21:00:39Z INFO Terminal] WRITE LINE: |       / ___(_) |_| | | |_   _| |__      / \   ___| |_(_) ___  _ __  ___      |
[2023-06-08 21:00:39Z INFO Terminal] WRITE LINE: |      | |  _| | __| |_| | | | | '_ \    / _ \ / __| __| |/ _ \| '_ \/ __|     |
[2023-06-08 21:00:39Z INFO Terminal] WRITE LINE: |      | |_| | | |_|  _  | |_| | |_) |  / ___ \ (__| |_| | (_) | | | \__ \     |
[2023-06-08 21:00:39Z INFO Terminal] WRITE LINE: |       \____|_|\__|_| |_|\__,_|_.__/  /_/   \_\___|\__|_|\___/|_| |_|___/     |
[2023-06-08 21:00:39Z INFO Terminal] WRITE LINE: |                                                                              |
[2023-06-08 21:00:39Z INFO Terminal] WRITE: |                       
[2023-06-08 21:00:39Z INFO Terminal] WRITE: Self-hosted runner registration
[2023-06-08 21:00:39Z INFO Terminal] WRITE LINE:                         |
[2023-06-08 21:00:39Z INFO Terminal] WRITE LINE: |                                                                              |
[2023-06-08 21:00:39Z INFO Terminal] WRITE LINE: --------------------------------------------------------------------------------
[2023-06-08 21:00:39Z INFO ConfigurationManager] ConfigureAsync
[2023-06-08 21:00:39Z INFO CommandSettings] Flag 'generateServiceConfig': 'False'
[2023-06-08 21:00:39Z INFO ConfigurationStore] IsConfigured()
[2023-06-08 21:00:39Z INFO ConfigurationStore] IsConfigured: False
[2023-06-08 21:00:39Z INFO ConfigurationManager] Is configured: False
[2023-06-08 21:00:39Z INFO CommandSettings] Arg 'url': 'https://github.com/dgmjr-actions/download-a-file-using-dotnet-file'
[2023-06-08 21:00:39Z INFO CommandSettings] Remove url from Arg dictionary.
[2023-06-08 21:00:39Z INFO CommandSettings] Arg 'token': '***'
[2023-06-08 21:00:39Z INFO CommandSettings] Remove token from Arg dictionary.
[2023-06-08 21:00:40Z INFO ConfigurationManager] Http response code: OK from 'POST https://api.github.com/actions/runner-registration' (1EEA:140F:B47E692:1712972E:64824177)
[2023-06-08 21:00:40Z INFO Terminal] WRITE LINE: Using V2 flow: False
[2023-06-08 21:00:40Z INFO ConfigurationManager] cred retrieved via GitHub auth
[2023-06-08 21:00:40Z INFO RunnerServer] EstablishVssConnection
[2023-06-08 21:00:40Z INFO RunnerServer] Establish connection with 100 seconds timeout.
[2023-06-08 21:00:40Z INFO GitHubActionsService] Starting operation Location.GetConnectionData
[2023-06-08 21:00:40Z INFO RunnerServer] EstablishVssConnection
[2023-06-08 21:00:40Z INFO RunnerServer] Establish connection with 60 seconds timeout.
[2023-06-08 21:00:40Z INFO GitHubActionsService] Starting operation Location.GetConnectionData
[2023-06-08 21:00:40Z INFO RunnerServer] EstablishVssConnection
[2023-06-08 21:00:40Z INFO RunnerServer] Establish connection with 60 seconds timeout.
[2023-06-08 21:00:40Z INFO GitHubActionsService] Starting operation Location.GetConnectionData
[2023-06-08 21:00:40Z INFO GitHubActionsService] Finished operation Location.GetConnectionData
[2023-06-08 21:00:40Z INFO GitHubActionsService] Finished operation Location.GetConnectionData
[2023-06-08 21:00:40Z INFO GitHubActionsService] Finished operation Location.GetConnectionData
[2023-06-08 21:00:40Z INFO Terminal] WRITE LINE: 
[2023-06-08 21:00:40Z INFO ConfigurationManager] Test Connection complete.
[2023-06-08 21:00:40Z INFO HostContext] Well known directory 'Bin': '/Users/david/GitHub/dgmjr-actions/actions-runner/bin'
[2023-06-08 21:00:40Z INFO HostContext] Well known directory 'Root': '/Users/david/GitHub/dgmjr-actions/actions-runner'
[2023-06-08 21:00:40Z INFO HostContext] Well known config file 'RSACredentials': '/Users/david/GitHub/dgmjr-actions/actions-runner/.credentials_rsaparams'
[2023-06-08 21:00:40Z INFO RSAFileKeyManager] Found existing RSA key parameters file /Users/david/GitHub/dgmjr-actions/actions-runner/.credentials_rsaparams
[2023-06-08 21:00:40Z INFO CommandSettings] Arg 'runnergroup': ''
[2023-06-08 21:00:40Z INFO CommandSettings] Flag 'unattended': 'False'
[2023-06-08 21:00:40Z INFO PromptManager] ReadValue
[2023-06-08 21:00:40Z INFO Terminal] WRITE: Enter the name of the runner group to add this runner to: 
[2023-06-08 21:00:40Z INFO Terminal] WRITE: [press Enter for Default] 
[2023-06-08 21:00:40Z INFO Terminal] READ LINE
[2023-06-08 21:00:43Z INFO Terminal] Read value: 'action'
[2023-06-08 21:00:43Z INFO Terminal] WRITE LINE: 
[2023-06-08 21:00:43Z ERR  Runner] GitHub.DistributedTask.WebApi.TaskAgentPoolNotFoundException: Could not find any self-hosted runner group named "action".
   at GitHub.Runner.Listener.Configuration.ConfigurationManager.ConfigureAsync(CommandSettings command)
   at GitHub.Runner.Listener.Runner.ExecuteCommand(CommandSettings command)
[2023-06-08 21:00:43Z ERR  Terminal] WRITE ERROR: Could not find any self-hosted runner group named "action".
[2023-06-08 21:00:43Z INFO Listener] Runner execution has finished with return code 1
