[2023-06-08 20:55:33Z INFO HostContext] No proxy settings were found based on environmental variables (http_proxy/https_proxy/HTTP_PROXY/HTTPS_PROXY)
[2023-06-08 20:55:33Z INFO HostContext] Well known directory 'Bin': '/Users/david/GitHub/dgmjr-actions/actions-runner/bin'
[2023-06-08 20:55:33Z INFO HostContext] Well known directory 'Root': '/Users/david/GitHub/dgmjr-actions/actions-runner'
[2023-06-08 20:55:33Z INFO HostContext] Well known config file 'Credentials': '/Users/david/GitHub/dgmjr-actions/actions-runner/.credentials'
[2023-06-08 20:55:33Z INFO HostContext] Well known directory 'Bin': '/Users/david/GitHub/dgmjr-actions/actions-runner/bin'
[2023-06-08 20:55:33Z INFO HostContext] Well known directory 'Root': '/Users/david/GitHub/dgmjr-actions/actions-runner'
[2023-06-08 20:55:33Z INFO HostContext] Well known config file 'Runner': '/Users/david/GitHub/dgmjr-actions/actions-runner/.runner'
[2023-06-08 20:55:33Z INFO Listener] Runner is built for OSX (X64) - osx-x64.
[2023-06-08 20:55:33Z INFO Listener] RuntimeInformation: Darwin 22.4.0 Darwin Kernel Version 22.4.0: Mon Mar  6 21:01:02 PST 2023; root:xnu-8796.101.5~3/RELEASE_ARM64_T8112.
[2023-06-08 20:55:33Z INFO Listener] Version: 2.304.0
[2023-06-08 20:55:33Z INFO Listener] Commit: 9ef4121b5b31ee5c03b7770288213d741081f747
[2023-06-08 20:55:33Z INFO Listener] Culture: en-US
[2023-06-08 20:55:33Z INFO Listener] UI Culture: en-US
[2023-06-08 20:55:33Z INFO HostContext] Well known directory 'Bin': '/Users/david/GitHub/dgmjr-actions/actions-runner/bin'
[2023-06-08 20:55:33Z INFO HostContext] Well known directory 'Root': '/Users/david/GitHub/dgmjr-actions/actions-runner'
[2023-06-08 20:55:33Z INFO Listener] Validating directory permissions for: '/Users/david/GitHub/dgmjr-actions/actions-runner'
[2023-06-08 20:55:33Z INFO CommandLineParser] Parse
[2023-06-08 20:55:33Z INFO CommandLineParser] Parsing 1 args
[2023-06-08 20:55:33Z INFO CommandLineParser] parsing argument
[2023-06-08 20:55:33Z INFO CommandLineParser] HasArgs: False
[2023-06-08 20:55:33Z INFO CommandLineParser] Adding Command: configure
[2023-06-08 20:55:33Z INFO Listener] Arguments parsed
[2023-06-08 20:55:33Z INFO Runner] ExecuteCommand
[2023-06-08 20:55:33Z INFO ConfigurationStore] currentAssemblyLocation: /Users/david/GitHub/dgmjr-actions/actions-runner/bin/Runner.Listener.dll
[2023-06-08 20:55:33Z INFO HostContext] Well known directory 'Bin': '/Users/david/GitHub/dgmjr-actions/actions-runner/bin'
[2023-06-08 20:55:33Z INFO ConfigurationStore] binPath: /Users/david/GitHub/dgmjr-actions/actions-runner/bin
[2023-06-08 20:55:33Z INFO HostContext] Well known directory 'Bin': '/Users/david/GitHub/dgmjr-actions/actions-runner/bin'
[2023-06-08 20:55:33Z INFO HostContext] Well known directory 'Root': '/Users/david/GitHub/dgmjr-actions/actions-runner'
[2023-06-08 20:55:33Z INFO ConfigurationStore] RootFolder: /Users/david/GitHub/dgmjr-actions/actions-runner
[2023-06-08 20:55:33Z INFO HostContext] Well known directory 'Bin': '/Users/david/GitHub/dgmjr-actions/actions-runner/bin'
[2023-06-08 20:55:33Z INFO HostContext] Well known directory 'Root': '/Users/david/GitHub/dgmjr-actions/actions-runner'
[2023-06-08 20:55:33Z INFO HostContext] Well known config file 'Runner': '/Users/david/GitHub/dgmjr-actions/actions-runner/.runner'
[2023-06-08 20:55:33Z INFO ConfigurationStore] ConfigFilePath: /Users/david/GitHub/dgmjr-actions/actions-runner/.runner
[2023-06-08 20:55:33Z INFO HostContext] Well known directory 'Bin': '/Users/david/GitHub/dgmjr-actions/actions-runner/bin'
[2023-06-08 20:55:33Z INFO HostContext] Well known directory 'Root': '/Users/david/GitHub/dgmjr-actions/actions-runner'
[2023-06-08 20:55:33Z INFO HostContext] Well known config file 'Credentials': '/Users/david/GitHub/dgmjr-actions/actions-runner/.credentials'
[2023-06-08 20:55:33Z INFO ConfigurationStore] CredFilePath: /Users/david/GitHub/dgmjr-actions/actions-runner/.credentials
[2023-06-08 20:55:33Z INFO HostContext] Well known directory 'Bin': '/Users/david/GitHub/dgmjr-actions/actions-runner/bin'
[2023-06-08 20:55:33Z INFO HostContext] Well known directory 'Root': '/Users/david/GitHub/dgmjr-actions/actions-runner'
[2023-06-08 20:55:33Z INFO HostContext] Well known config file 'MigratedCredentials': '/Users/david/GitHub/dgmjr-actions/actions-runner/.credentials_migrated'
[2023-06-08 20:55:33Z INFO ConfigurationStore] MigratedCredFilePath: /Users/david/GitHub/dgmjr-actions/actions-runner/.credentials_migrated
[2023-06-08 20:55:33Z INFO HostContext] Well known directory 'Bin': '/Users/david/GitHub/dgmjr-actions/actions-runner/bin'
[2023-06-08 20:55:33Z INFO HostContext] Well known directory 'Root': '/Users/david/GitHub/dgmjr-actions/actions-runner'
[2023-06-08 20:55:33Z INFO HostContext] Well known config file 'Service': '/Users/david/GitHub/dgmjr-actions/actions-runner/.service'
[2023-06-08 20:55:33Z INFO ConfigurationStore] ServiceConfigFilePath: /Users/david/GitHub/dgmjr-actions/actions-runner/.service
[2023-06-08 20:55:33Z INFO CommandSettings] Flag 'help': 'False'
[2023-06-08 20:55:33Z INFO CommandSettings] Flag 'version': 'False'
[2023-06-08 20:55:33Z INFO CommandSettings] Flag 'commit': 'False'
[2023-06-08 20:55:33Z INFO CommandSettings] Flag 'check': 'False'
[2023-06-08 20:55:33Z INFO CommandSettings] Command 'configure': 'True'
[2023-06-08 20:55:33Z INFO Terminal] WRITE LINE: 
[2023-06-08 20:55:33Z INFO Terminal] WRITE LINE: --------------------------------------------------------------------------------
[2023-06-08 20:55:33Z INFO Terminal] WRITE LINE: |        ____ _ _   _   _       _          _        _   _                      |
[2023-06-08 20:55:33Z INFO Terminal] WRITE LINE: |       / ___(_) |_| | | |_   _| |__      / \   ___| |_(_) ___  _ __  ___      |
[2023-06-08 20:55:33Z INFO Terminal] WRITE LINE: |      | |  _| | __| |_| | | | | '_ \    / _ \ / __| __| |/ _ \| '_ \/ __|     |
[2023-06-08 20:55:33Z INFO Terminal] WRITE LINE: |      | |_| | | |_|  _  | |_| | |_) |  / ___ \ (__| |_| | (_) | | | \__ \     |
[2023-06-08 20:55:33Z INFO Terminal] WRITE LINE: |       \____|_|\__|_| |_|\__,_|_.__/  /_/   \_\___|\__|_|\___/|_| |_|___/     |
[2023-06-08 20:55:33Z INFO Terminal] WRITE LINE: |                                                                              |
[2023-06-08 20:55:33Z INFO Terminal] WRITE: |                       
[2023-06-08 20:55:33Z INFO Terminal] WRITE: Self-hosted runner registration
[2023-06-08 20:55:33Z INFO Terminal] WRITE LINE:                         |
[2023-06-08 20:55:33Z INFO Terminal] WRITE LINE: |                                                                              |
[2023-06-08 20:55:33Z INFO Terminal] WRITE LINE: --------------------------------------------------------------------------------
[2023-06-08 20:55:33Z INFO ConfigurationManager] ConfigureAsync
[2023-06-08 20:55:33Z INFO CommandSettings] Flag 'generateServiceConfig': 'False'
[2023-06-08 20:55:33Z INFO ConfigurationStore] IsConfigured()
[2023-06-08 20:55:33Z INFO ConfigurationStore] IsConfigured: False
[2023-06-08 20:55:33Z INFO ConfigurationManager] Is configured: False
[2023-06-08 20:55:33Z INFO CommandSettings] Arg 'url': ''
[2023-06-08 20:55:33Z INFO CommandSettings] Flag 'unattended': 'False'
[2023-06-08 20:55:33Z INFO PromptManager] ReadValue
[2023-06-08 20:55:33Z INFO Terminal] WRITE: What is the URL of your repository? 
[2023-06-08 20:55:33Z INFO Terminal] READ LINE
[2023-06-08 20:55:35Z INFO Terminal] WRITE LINE: Exiting...
